DEBUG 2023-08-14 18:34:30.874 UTC: 	 CRAB Client version: v3.230612
DEBUG 2023-08-14 18:34:30.874 UTC: 	 Running on: Linux lxplus7130.cern.ch 3.10.0-1160.95.1.el7.x86_64 #1 SMP Mon Jul 24 13:59:37 UTC 2023 x86_64 x86_64 x86_64 GNU/Linux - CentOS Linux 7 (Core)
DEBUG 2023-08-14 18:34:30.874 UTC: 	 Executing command: 'submit'
DEBUG 2023-08-14 18:34:30.874 UTC: 	 Found CRAB cache file /afs/cern.ch/user/j/jfriesen/.crab3
INFO 2023-08-14 18:34:30.874 UTC: 	 Will use CRAB configuration file crabConfigMuMuGammaTree.py
DEBUG 2023-08-14 18:34:30.875 UTC: 	 Loading CRAB configuration file.
DEBUG 2023-08-14 18:34:30.875 UTC: 	 Will use CRAB Analysis plugin (i.e. will run an analysis job type).
ERROR 2023-08-14 18:34:30.875 UTC: 	 Working area '/afs/cern.ch/user/j/jfriesen/CMSSW_12_4_2/src/Run3DimuonAnalysisTools/crab_muMuGamma_ParkingPFCands_14Aug2023_0' already exists 
Please change the requestName in the config file
ERROR 2023-08-14 18:34:30.875 UTC: 	 Caught ClientException exception
Traceback (most recent call last):
  File "/cvmfs/cms.cern.ch/share/cms/crab-prod/v3.230612.00/bin/crab.py", line 159, in <module>
    client()
  File "/cvmfs/cms.cern.ch/share/cms/crab-prod/v3.230612.00/bin/crab.py", line 144, in __call__
    self.cmd = sub_cmd(self.logger, args[1:])
  File "/cvmfs/cms.cern.ch/share/cms/crab-prod/v3.230612.00/lib/CRABClient/Commands/submit.py", line 36, in __init__
    SubCommand.__init__(self, logger, cmdargs, disable_interspersed_args=True)
  File "/cvmfs/cms.cern.ch/share/cms/crab-prod/v3.230612.00/lib/CRABClient/Commands/SubCommand.py", line 318, in __init__
    self.requestarea, self.requestname, self.logfile = createWorkArea(
  File "/cvmfs/cms.cern.ch/share/cms/crab-prod/v3.230612.00/lib/CRABClient/ClientUtilities.py", line 387, in createWorkArea
    raise ConfigException("Working area '%s' already exists \nPlease change the requestName in the config file" % fullpath)
CRABClient.ClientExceptions.ConfigException: Working area '/afs/cern.ch/user/j/jfriesen/CMSSW_12_4_2/src/Run3DimuonAnalysisTools/crab_muMuGamma_ParkingPFCands_14Aug2023_0' already exists 
Please change the requestName in the config file
INFO 2023-08-14 18:34:30.879 UTC: 	 Log file is /afs/cern.ch/user/j/jfriesen/CMSSW_12_4_2/src/Run3DimuonAnalysisTools/crab.log
